<?xml version="1.0" encoding="UTF-8"?>
<testng-results skipped="0" failed="0" ignored="0" total="0" passed="0">
  <reporter-output>
  </reporter-output>
  <suite name="TestRunner" duration-ms="4" started-at="2021-01-07T07:53:15Z" finished-at="2021-01-07T07:53:15Z">
    <groups>
    </groups>
    <test name="Command line test" duration-ms="4" started-at="2021-01-07T07:53:15Z" finished-at="2021-01-07T07:53:15Z">
    </test> <!-- Command line test -->
  </suite> <!-- TestRunner -->
</testng-results>
